<html>
<head>
<title>TestNG:  Default test</title>
<link href="../testng.css" rel="stylesheet" type="text/css" />
<link href="../my-testng.css" rel="stylesheet" type="text/css" />

<style type="text/css">
.log { display: none;} 
.stack-trace { display: none;} 
</style>
<script type="text/javascript">
<!--
function flip(e) {
  current = e.style.display;
  if (current == 'block') {
    e.style.display = 'none';
    return 0;
  }
  else {
    e.style.display = 'block';
    return 1;
  }
}

function toggleBox(szDivId, elem, msg1, msg2)
{
  var res = -1;  if (document.getElementById) {
    res = flip(document.getElementById(szDivId));
  }
  else if (document.all) {
    // this is the way old msie versions work
    res = flip(document.all[szDivId]);
  }
  if(elem) {
    if(res == 0) elem.innerHTML = msg1; else elem.innerHTML = msg2;
  }

}

function toggleAllBoxes() {
  if (document.getElementsByTagName) {
    d = document.getElementsByTagName('div');
    for (i = 0; i < d.length; i++) {
      if (d[i].className == 'log') {
        flip(d[i]);
      }
    }
  }
}

// -->
</script>

</head>
<body>
<h2 align='center'>Default test</h2><table border='1' align="center">
<tr>
<td>Tests passed/Failed/Skipped:</td><td>3/1/0</td>
</tr><tr>
<td>Started on:</td><td>Wed Jan 02 00:00:12 EET 2019</td>
</tr>
<tr><td>Total time:</td><td>182 seconds (182014 ms)</td>
</tr><tr>
<td>Included groups:</td><td></td>
</tr><tr>
<td>Excluded groups:</td><td></td>
</tr>
</table><p/>
<small><i>(Hover the method name to see the test class name)</i></small><p/>
<table width='100%' border='1' class='invocation-failed'>
<tr><td colspan='4' align='center'><b>FAILED TESTS</b></td></tr>
<tr><td><b>Test method</b></td>
<td width="30%"><b>Exception</b></td>
<td width="10%"><b>Time (seconds)</b></td>
<td><b>Instance</b></td>
</tr>
<tr>
<td title='runners.Test_Test.feature()'><b>feature</b><br>Test class: runners.Test_Test<br>Test method: Runs Cucumber Feature<br>Parameters: User can view the details of a contact<br/>
<a href="#Output-1788034018" onClick='toggleBox("Output-1788034018", this, "Show output", "Hide output");'>Show output</a>

<a href="#Output-1788034018" onClick="toggleAllBoxes();">Show all outputs</a>
<div class='log' id="Output-1788034018">
Exited the Application A!<br/>
</div>
</td>
<td><div><pre>cucumber.runtime.CucumberException: java.lang.Exception: Sth went wrong! Upps! taking a screenshoot!
	at cucumber.api.testng.TestNGCucumberRunner.runCucumber(TestNGCucumberRunner.java:69)
	at cucumber.api.testng.AbstractTestNGCucumberTests.feature(AbstractTestNGCucumberTests.java:21)
	at sun.reflect.NativeMethodAccessorImpl.invoke0(Native Method)
	at sun.reflect.NativeMethodAccessorImpl.invoke(Unknown Source)
	at sun.reflect.DelegatingMethodAccessorImpl.invoke(Unknown Source)
	at java.lang.reflect.Method.invoke(Unknown Source)
	at org.testng.internal.MethodInvocationHelper.invokeMethod(MethodInvocationHelper.java:124)
	at org.testng.internal.Invoker.invokeMethod(Invoker.java:580)
	at org.testng.internal.Invoker.invokeTestMethod(Invoker.java:716)
	at org.testng.internal.Invoker.invokeTestMethods(Invoker.java:988)
	at org.testng.internal.TestMethodWorker.invokeTestMethods(TestMethodWorker.java:125)
	at org.testng.internal.TestMethodWorker.run(TestMethodWorker.java:109)
	at org.testng.TestRunner.privateRun(TestRunner.java:648)
	at org.testng.TestRunner.run(TestRunner.java:505)
	at org.testng.SuiteRunner.runTest(SuiteRunner.java:455)
	at org.testng.SuiteRunner.runSequentially(SuiteRunner.java:450)
	at org.testng.SuiteRunner.privateRun(SuiteRunner.java:415)
	at org.testng.SuiteRunner.run(SuiteRunner.java:364)
	at org.testng.SuiteRunnerWorker.runSuite(SuiteRunnerWorker.java:52)
	at org.testng.SuiteRunnerWorker.run(SuiteRunnerWorker.java:84)
	at org.testng.TestNG.runSuitesSequentially(TestNG.java:1208)
	at org.testng.TestNG.runSuitesLocally(TestNG.java:1137)
	at org.testng.TestNG.runSuites(TestNG.java:1049)
	at org.testng.TestNG.run(TestNG.java:1017)
	at org.testng.remote.AbstractRemoteTestNG.run(AbstractRemoteTestNG.java:114)
	at org.testng.remote.RemoteTestNG.initAndRun(RemoteTestNG.java:251)
	at org.testng.remote.RemoteTestNG.main(RemoteTestNG.java:77)
Caused by: java.lang.Exception: Sth went wrong! Upps! taking a screenshoot!
	at utility.HookA.verifyA(HookA.java:212)
	at stepdefinitions.mystepdefinitions_A.usera_can_see_something_on_something_location(mystepdefinitions_A.java:254)
	at ?.And UserA can see &quot;close&quot; on &quot;contact.details.right.panel.close.button.text.area***************&quot; location(src/test/resources/features/Contacts_TCs_2.feature:12)
</pre></div><a href='#' onClick='toggleBox("stack-trace1788034018", this, "Click to show all stack frames", "Click to hide stack frames")'>Click to show all stack frames</a>
<div class='stack-trace' id='stack-trace1788034018'><pre>cucumber.runtime.CucumberException: java.lang.Exception: Sth went wrong! Upps! taking a screenshoot!
	at cucumber.api.testng.TestNGCucumberRunner.runCucumber(TestNGCucumberRunner.java:69)
	at cucumber.api.testng.AbstractTestNGCucumberTests.feature(AbstractTestNGCucumberTests.java:21)
	at sun.reflect.NativeMethodAccessorImpl.invoke0(Native Method)
	at sun.reflect.NativeMethodAccessorImpl.invoke(Unknown Source)
	at sun.reflect.DelegatingMethodAccessorImpl.invoke(Unknown Source)
	at java.lang.reflect.Method.invoke(Unknown Source)
	at org.testng.internal.MethodInvocationHelper.invokeMethod(MethodInvocationHelper.java:124)
	at org.testng.internal.Invoker.invokeMethod(Invoker.java:580)
	at org.testng.internal.Invoker.invokeTestMethod(Invoker.java:716)
	at org.testng.internal.Invoker.invokeTestMethods(Invoker.java:988)
	at org.testng.internal.TestMethodWorker.invokeTestMethods(TestMethodWorker.java:125)
	at org.testng.internal.TestMethodWorker.run(TestMethodWorker.java:109)
	at org.testng.TestRunner.privateRun(TestRunner.java:648)
	at org.testng.TestRunner.run(TestRunner.java:505)
	at org.testng.SuiteRunner.runTest(SuiteRunner.java:455)
	at org.testng.SuiteRunner.runSequentially(SuiteRunner.java:450)
	at org.testng.SuiteRunner.privateRun(SuiteRunner.java:415)
	at org.testng.SuiteRunner.run(SuiteRunner.java:364)
	at org.testng.SuiteRunnerWorker.runSuite(SuiteRunnerWorker.java:52)
	at org.testng.SuiteRunnerWorker.run(SuiteRunnerWorker.java:84)
	at org.testng.TestNG.runSuitesSequentially(TestNG.java:1208)
	at org.testng.TestNG.runSuitesLocally(TestNG.java:1137)
	at org.testng.TestNG.runSuites(TestNG.java:1049)
	at org.testng.TestNG.run(TestNG.java:1017)
	at org.testng.remote.AbstractRemoteTestNG.run(AbstractRemoteTestNG.java:114)
	at org.testng.remote.RemoteTestNG.initAndRun(RemoteTestNG.java:251)
	at org.testng.remote.RemoteTestNG.main(RemoteTestNG.java:77)
Caused by: java.lang.Exception: Sth went wrong! Upps! taking a screenshoot!
	at utility.HookA.verifyA(HookA.java:212)
	at stepdefinitions.mystepdefinitions_A.usera_can_see_something_on_something_location(mystepdefinitions_A.java:254)
	at ?.And UserA can see &quot;close&quot; on &quot;contact.details.right.panel.close.button.text.area***************&quot; location(src/test/resources/features/Contacts_TCs_2.feature:12)
</pre></div></td>
<td>38</td>
<td>runners.Test_Test@52a86356</td></tr>
</table><p>
<table width='100%' border='1' class='invocation-passed'>
<tr><td colspan='4' align='center'><b>PASSED TESTS</b></td></tr>
<tr><td><b>Test method</b></td>
<td width="30%"><b>Exception</b></td>
<td width="10%"><b>Time (seconds)</b></td>
<td><b>Instance</b></td>
</tr>
<tr>
<td title='runners.Test_Test.feature()'><b>feature</b><br>Test class: runners.Test_Test<br>Test method: Runs Cucumber Feature<br>Parameters: User can search a contact from the search bar<br/>
<a href="#Output-257459516" onClick='toggleBox("Output-257459516", this, "Show output", "Hide output");'>Show output</a>

<a href="#Output-257459516" onClick="toggleAllBoxes();">Show all outputs</a>
<div class='log' id="Output-257459516">
Starting the Application A!<br/>
</div>
</td>
<td></td>
<td>44</td>
<td>runners.Test_Test@52a86356</td></tr>
<tr>
<td title='runners.Test_Test.feature()'><b>feature</b><br>Test class: runners.Test_Test<br>Test method: Runs Cucumber Feature<br>Parameters: User can add contact, then add it to favorites, remove from favorites and remove from contacts</td>
<td></td>
<td>24</td>
<td>runners.Test_Test@52a86356</td></tr>
<tr>
<td title='runners.Test_Test.feature()'><b>feature</b><br>Test class: runners.Test_Test<br>Test method: Runs Cucumber Feature<br>Parameters: Verify UserA can search and add contacts then create a group, then add members to group and delete the group.<br/>
<a href="#Output-1825071442" onClick='toggleBox("Output-1825071442", this, "Show output", "Hide output");'>Show output</a>

<a href="#Output-1825071442" onClick="toggleAllBoxes();">Show all outputs</a>
<div class='log' id="Output-1825071442">
Exiting the Application A!<br/>
</div>
</td>
<td></td>
<td>73</td>
<td>runners.Test_Test@52a86356</td></tr>
</table><p>
</body>
</html>